<?xml version="1.0" encoding="UTF-8"?>
<!-- Generated by org.testng.reporters.JUnitXMLReporter -->
<testsuite hostname="SAJIDs-MBP.fios-router.home" ignored="2" name="Parameters Test" tests="8" failures="0" timestamp="2021-06-03T23:43:05 EDT" time="0.046" errors="0">
  <testcase name="mercuryTest" time="0.004" classname="testNGListeners.ParametersTest"/>
  <testcase name="venusTest" time="0.0" classname="testNGListeners.ParametersTest"/>
  <testcase name="earthTest" time="0.001" classname="testNGListeners.ParametersTest"/>
  <testcase name="marsTest" time="0.0" classname="testNGListeners.ParametersTest"/>
  <testcase name="jupiterTest" time="0.001" classname="testNGListeners.ParametersTest"/>
  <testcase name="saturnTest" time="0.0" classname="testNGListeners.ParametersTest"/>
  <testcase name="uranusTest" time="0.0" classname="testNGListeners.ParametersTest"/>
  <testcase name="neptuneTest" time="0.001" classname="testNGListeners.ParametersTest"/>
  <testcase name="@BeforeTest loginTest" time="0.0" classname="testNGListeners.BaseTest">
    <ignored/>
  </testcase> <!-- @BeforeTest loginTest -->
  <testcase name="@AfterTest logoutTest" time="0.0" classname="testNGListeners.BaseTest">
    <ignored/>
  </testcase> <!-- @AfterTest logoutTest -->
</testsuite> <!-- Parameters Test -->
