<?xml version="1.0" encoding="UTF-8"?>
<!-- Generated by org.testng.reporters.JUnitXMLReporter -->
<testsuite hostname="SAJIDs-MBP.fios-router.home" ignored="5" name="Test" tests="5" failures="1" timestamp="2021-06-03T23:03:59 EDT" time="0.052" errors="0">
  <testcase name="@BeforeTest login" time="-1.622775839633E9" classname="testNGListeners.BaseTest">
    <failure type="org.testng.TestNGException" message="
Parameter &amp;apos;Login&amp;apos; is required by BeforeTest on method login but has not been marked @Optional or defined
in /Users/nyla/eclipse-workspace/TestNGListeners.Inheritance.MethodOverloading/subBaseClass.xml">
      <![CDATA[org.testng.TestNGException: 
Parameter 'Login' is required by BeforeTest on method login but has not been marked @Optional or defined
in /Users/nyla/eclipse-workspace/TestNGListeners.Inheritance.MethodOverloading/subBaseClass.xml
... Removed 21 stack frames]]>
    </failure>
  </testcase> <!-- @BeforeTest login -->
  <testcase name="@AfterTest logout" time="-1.62277583968E9" classname="testNGListeners.BaseTest">
    <skipped/>
  </testcase> <!-- @AfterTest logout -->
  <testcase name="venus" time="0.0" classname="testNGListeners.SubBaseTest">
    <skipped/>
  </testcase> <!-- venus -->
  <testcase name="mars" time="0.0" classname="testNGListeners.SubBaseTest">
    <skipped/>
  </testcase> <!-- mars -->
  <testcase name="jupiter" time="0.0" classname="testNGListeners.SubBaseTest">
    <failure type="org.testng.TestNGException" message="
Parameter &amp;apos;Jupiter&amp;apos; is required by @Test on method jupiter but has not been marked @Optional or defined
in /Users/nyla/eclipse-workspace/TestNGListeners.Inheritance.MethodOverloading/subBaseClass.xml">
      <![CDATA[org.testng.TestNGException: 
Parameter 'Jupiter' is required by @Test on method jupiter but has not been marked @Optional or defined
in /Users/nyla/eclipse-workspace/TestNGListeners.Inheritance.MethodOverloading/subBaseClass.xml
at java.util.ArrayList.forEach(ArrayList.java:1257)
... Removed 26 stack frames]]>
    </failure>
  </testcase> <!-- jupiter -->
  <testcase name="saturn" time="0.0" classname="testNGListeners.SubBaseTest">
    <skipped/>
  </testcase> <!-- saturn -->
  <testcase name="uranus" time="0.0" classname="testNGListeners.SubBaseTest">
    <skipped/>
  </testcase> <!-- uranus -->
  <testcase name="earth" time="0.0" classname="testNGListeners.SubBaseTest">
    <ignored/>
  </testcase> <!-- earth -->
  <testcase name="mercury" time="0.0" classname="testNGListeners.SubBaseTest">
    <ignored/>
  </testcase> <!-- mercury -->
  <testcase name="neptune" time="0.0" classname="testNGListeners.SubBaseTest">
    <ignored/>
  </testcase> <!-- neptune -->
  <testcase name="@BeforeTest login" time="0.0" classname="testNGListeners.BaseTest">
    <ignored/>
  </testcase> <!-- @BeforeTest login -->
  <testcase name="@AfterTest logout" time="0.0" classname="testNGListeners.BaseTest">
    <ignored/>
  </testcase> <!-- @AfterTest logout -->
</testsuite> <!-- Test -->
